Importing from: tennis_elbow_rehab.txt
Log file:       task_import_20251016_093249.log
RUN   Line 5: task add project:exercise.rehab due:tomorrow recur:daily until:2025-10-23 description:"Wrist extensor isometric holds – 3×30 sec, pain-free intensity 2/10 max" tags:tennis_elbow,phase1
Created task 53 (recurrence template).
Context 'exercise' set. Use 'task context none' to remove.
The project 'exercise.rehab' has changed.  Project 'exercise.rehab' is 0% complete (0 of 0 tasks remaining).
RUN   Line 6: task add project:exercise.rehab due:tomorrow recur:daily until:2025-10-23 description:"Wrist flexion/extension with light dumbbell (0.5–1 kg) – 2×15 each, control only" tags:tennis_elbow,phase1
Created task 54 (recurrence template).
Context 'exercise' set. Use 'task context none' to remove.
The project 'exercise.rehab' has changed.  Project 'exercise.rehab' is 0% complete (0 of 0 tasks remaining).
RUN   Line 7: task add project:exercise.rehab due:tomorrow recur:daily until:2025-10-23 description:"Forearm pronation/supination with hammer handle – 2×15 each, no pain" tags:tennis_elbow,phase1
Created task 55 (recurrence template).
Context 'exercise' set. Use 'task context none' to remove.
The project 'exercise.rehab' has changed.  Project 'exercise.rehab' is 0% complete (0 of 0 tasks remaining).
RUN   Line 8: task add project:exercise.rehab due:tomorrow recur:daily until:2025-10-23 description:"Gentle grip squeeze (towel or soft ball) – 3×10, sub-max effort" tags:tennis_elbow,phase1
Created task 56 (recurrence template).
Context 'exercise' set. Use 'task context none' to remove.
The project 'exercise.rehab' has changed.  Project 'exercise.rehab' is 0% complete (0 of 0 tasks remaining).
RUN   Line 9: task add project:exercise.rehab due:tomorrow recur:daily until:2025-10-23 description:"Ice or massage 10 min post-exercise if soreness" tags:tennis_elbow,phase1
Created task 57 (recurrence template).
Context 'exercise' set. Use 'task context none' to remove.
The project 'exercise.rehab' has changed.  Project 'exercise.rehab' is 0% complete (0 of 0 tasks remaining).
RUN   Line 15: task add project:exercise.rehab wait:2025-10-24 recur:daily until:2025-11-06 description:"Eccentric wrist extensor curls – 3×10 (2 s down, assist up), pain-free" tags:tennis_elbow,phase2
Context 'exercise' set. Use 'task context none' to remove.
A recurring task must also have a 'due' date.
FAIL  Line 15: command exited non-zero. See task_import_20251016_093249.log for details.
